TN:
SF:src\helpers\helpers.jsx
FN:1,createElements
FN:14,getCoords
FN:25,validateCoordsAgainstElements
FNF:3
FNH:3
FNDA:1,createElements
FNDA:2,getCoords
FNDA:2,validateCoordsAgainstElements
DA:1,1
DA:2,1
DA:3,1
DA:4,2
DA:5,2
DA:6,2
DA:7,2
DA:8,2
DA:9,2
DA:10,1
DA:11,1
DA:12,1
DA:13,1
DA:14,1
DA:15,2
DA:16,2
DA:17,2
DA:18,2
DA:19,2
DA:20,2
DA:21,2
DA:22,2
DA:23,2
DA:24,1
DA:25,1
DA:26,2
DA:27,2
DA:28,1
DA:29,1
DA:30,1
DA:31,2
DA:32,2
DA:33,1
DA:34,1
DA:35,1
DA:36,1
LF:36
LH:36
BRDA:1,0,0,1
BRDA:3,1,0,2
BRDA:14,2,0,2
BRDA:25,3,0,2
BRDA:26,4,0,0
BRDA:27,5,0,1
BRDA:29,6,0,0
BRF:7
BRH:5
end_of_record
